The target system is: Emscripten - 1 - x86
The host system is: Linux - 6.8.0-100-generic - x86_64
Determining if the include file pthread.h exists passed with the following output:
Change Dir: /home/park-ubuntu/park/SOLUTION/Mobile-SLAM/wasm/libs/opencv_build/CMakeFiles/CMakeTmp

Run Build Command(s):/usr/bin/gmake -f Makefile cmTC_77717/fast && /usr/bin/gmake  -f CMakeFiles/cmTC_77717.dir/build.make CMakeFiles/cmTC_77717.dir/build
gmake[1]: Entering directory '/home/park-ubuntu/park/SOLUTION/Mobile-SLAM/wasm/libs/opencv_build/CMakeFiles/CMakeTmp'
Building C object CMakeFiles/cmTC_77717.dir/CheckIncludeFile.c.o
/home/park-ubuntu/emsdk/upstream/emscripten/emcc   -O3 -msimd128   -fsigned-char -W -Wall -Werror=return-type -Werror=non-virtual-dtor -Werror=address -Werror=sequence-point -Wformat -Werror=format-security -Wmissing-declarations -Wmissing-prototypes -Wstrict-prototypes -Wundef -Winit-self -Wpointer-arith -Wshadow -Wsign-promo -Wuninitialized -Winconsistent-missing-override -Wno-delete-non-virtual-dtor -Wno-unnamed-type-template-args -Wno-comment -Wno-deprecated-enum-enum-conversion -Wno-deprecated-anon-enum-enum-conversion -fdiagnostics-show-option -Qunused-arguments -ffunction-sections -fdata-sections  -fvisibility=hidden -fvisibility-inlines-hidden  -O3 -DNDEBUG  -DNDEBUG -MD -MT CMakeFiles/cmTC_77717.dir/CheckIncludeFile.c.o -MF CMakeFiles/cmTC_77717.dir/CheckIncludeFile.c.o.d -o CMakeFiles/cmTC_77717.dir/CheckIncludeFile.c.o -c /home/park-ubuntu/park/SOLUTION/Mobile-SLAM/wasm/libs/opencv_build/CMakeFiles/CMakeTmp/CheckIncludeFile.c
Linking C executable cmTC_77717.js
/usr/bin/cmake -E cmake_link_script CMakeFiles/cmTC_77717.dir/link.txt --verbose=1
/home/park-ubuntu/emsdk/upstream/emscripten/emcc -O3 -msimd128   -fsigned-char -W -Wall -Werror=return-type -Werror=non-virtual-dtor -Werror=address -Werror=sequence-point -Wformat -Werror=format-security -Wmissing-declarations -Wmissing-prototypes -Wstrict-prototypes -Wundef -Winit-self -Wpointer-arith -Wshadow -Wsign-promo -Wuninitialized -Winconsistent-missing-override -Wno-delete-non-virtual-dtor -Wno-unnamed-type-template-args -Wno-comment -Wno-deprecated-enum-enum-conversion -Wno-deprecated-anon-enum-enum-conversion -fdiagnostics-show-option -Qunused-arguments -ffunction-sections -fdata-sections  -fvisibility=hidden -fvisibility-inlines-hidden  -O3 -DNDEBUG  -DNDEBUG   -Wl,--gc-sections  @CMakeFiles/cmTC_77717.dir/objects1.rsp -o cmTC_77717.js 
clang: warning: future releases of the clang compiler will prefer GCC installations containing libstdc++ include directories; '/usr/lib/gcc/x86_64-linux-gnu/11' would be chosen over '/usr/lib/gcc/x86_64-linux-gnu/12' [-Wgcc-install-dir-libstdcxx]
gmake[1]: Leaving directory '/home/park-ubuntu/park/SOLUTION/Mobile-SLAM/wasm/libs/opencv_build/CMakeFiles/CMakeTmp'



Determining if the posix_memalign exist passed with the following output:
Change Dir: /home/park-ubuntu/park/SOLUTION/Mobile-SLAM/wasm/libs/opencv_build/CMakeFiles/CMakeTmp

Run Build Command(s):/usr/bin/gmake -f Makefile cmTC_5a5b7/fast && /usr/bin/gmake  -f CMakeFiles/cmTC_5a5b7.dir/build.make CMakeFiles/cmTC_5a5b7.dir/build
gmake[1]: Entering directory '/home/park-ubuntu/park/SOLUTION/Mobile-SLAM/wasm/libs/opencv_build/CMakeFiles/CMakeTmp'
Building C object CMakeFiles/cmTC_5a5b7.dir/CheckSymbolExists.c.o
/home/park-ubuntu/emsdk/upstream/emscripten/emcc   -O3 -msimd128   -fsigned-char -W -Wall    -Wformat -Wmissing-declarations -Wmissing-prototypes -Wstrict-prototypes -Wundef -Winit-self -Wpointer-arith -Wshadow -Wsign-promo -Wuninitialized -Winconsistent-missing-override -Wno-delete-non-virtual-dtor -Wno-unnamed-type-template-args -Wno-comment -Wno-deprecated-enum-enum-conversion -Wno-deprecated-anon-enum-enum-conversion -fdiagnostics-show-option -Qunused-arguments -ffunction-sections -fdata-sections  -fvisibility=hidden -fvisibility-inlines-hidden  -O3 -DNDEBUG  -DNDEBUG -MD -MT CMakeFiles/cmTC_5a5b7.dir/CheckSymbolExists.c.o -MF CMakeFiles/cmTC_5a5b7.dir/CheckSymbolExists.c.o.d -o CMakeFiles/cmTC_5a5b7.dir/CheckSymbolExists.c.o -c /home/park-ubuntu/park/SOLUTION/Mobile-SLAM/wasm/libs/opencv_build/CMakeFiles/CMakeTmp/CheckSymbolExists.c
Linking C executable cmTC_5a5b7.js
/usr/bin/cmake -E cmake_link_script CMakeFiles/cmTC_5a5b7.dir/link.txt --verbose=1
/home/park-ubuntu/emsdk/upstream/emscripten/emcc -O3 -msimd128   -fsigned-char -W -Wall    -Wformat -Wmissing-declarations -Wmissing-prototypes -Wstrict-prototypes -Wundef -Winit-self -Wpointer-arith -Wshadow -Wsign-promo -Wuninitialized -Winconsistent-missing-override -Wno-delete-non-virtual-dtor -Wno-unnamed-type-template-args -Wno-comment -Wno-deprecated-enum-enum-conversion -Wno-deprecated-anon-enum-enum-conversion -fdiagnostics-show-option -Qunused-arguments -ffunction-sections -fdata-sections  -fvisibility=hidden -fvisibility-inlines-hidden  -O3 -DNDEBUG  -DNDEBUG   -Wl,--gc-sections  @CMakeFiles/cmTC_5a5b7.dir/objects1.rsp -o cmTC_5a5b7.js 
clang: warning: future releases of the clang compiler will prefer GCC installations containing libstdc++ include directories; '/usr/lib/gcc/x86_64-linux-gnu/11' would be chosen over '/usr/lib/gcc/x86_64-linux-gnu/12' [-Wgcc-install-dir-libstdcxx]
gmake[1]: Leaving directory '/home/park-ubuntu/park/SOLUTION/Mobile-SLAM/wasm/libs/opencv_build/CMakeFiles/CMakeTmp'


File /home/park-ubuntu/park/SOLUTION/Mobile-SLAM/wasm/libs/opencv_build/CMakeFiles/CMakeTmp/CheckSymbolExists.c:
/* */
#include <stdlib.h>

int main(int argc, char** argv)
{
  (void)argv;
#ifndef posix_memalign
  return ((int*)(&posix_memalign))[argc];
#else
  (void)argc;
  return 0;
#endif
}
Determining if the include file malloc.h exists passed with the following output:
Change Dir: /home/park-ubuntu/park/SOLUTION/Mobile-SLAM/wasm/libs/opencv_build/CMakeFiles/CMakeTmp

Run Build Command(s):/usr/bin/gmake -f Makefile cmTC_92f7d/fast && /usr/bin/gmake  -f CMakeFiles/cmTC_92f7d.dir/build.make CMakeFiles/cmTC_92f7d.dir/build
gmake[1]: Entering directory '/home/park-ubuntu/park/SOLUTION/Mobile-SLAM/wasm/libs/opencv_build/CMakeFiles/CMakeTmp'
Building C object CMakeFiles/cmTC_92f7d.dir/CheckIncludeFile.c.o
/home/park-ubuntu/emsdk/upstream/emscripten/emcc   -O3 -msimd128   -fsigned-char -W -Wall -Werror=return-type -Werror=non-virtual-dtor -Werror=address -Werror=sequence-point -Wformat -Werror=format-security -Wmissing-declarations -Wmissing-prototypes -Wstrict-prototypes -Wundef -Winit-self -Wpointer-arith -Wshadow -Wsign-promo -Wuninitialized -Winconsistent-missing-override -Wno-delete-non-virtual-dtor -Wno-unnamed-type-template-args -Wno-comment -Wno-deprecated-enum-enum-conversion -Wno-deprecated-anon-enum-enum-conversion -fdiagnostics-show-option -Qunused-arguments -ffunction-sections -fdata-sections  -fvisibility=hidden -fvisibility-inlines-hidden  -O3 -DNDEBUG  -DNDEBUG -MD -MT CMakeFiles/cmTC_92f7d.dir/CheckIncludeFile.c.o -MF CMakeFiles/cmTC_92f7d.dir/CheckIncludeFile.c.o.d -o CMakeFiles/cmTC_92f7d.dir/CheckIncludeFile.c.o -c /home/park-ubuntu/park/SOLUTION/Mobile-SLAM/wasm/libs/opencv_build/CMakeFiles/CMakeTmp/CheckIncludeFile.c
Linking C executable cmTC_92f7d.js
/usr/bin/cmake -E cmake_link_script CMakeFiles/cmTC_92f7d.dir/link.txt --verbose=1
/home/park-ubuntu/emsdk/upstream/emscripten/emcc -O3 -msimd128   -fsigned-char -W -Wall -Werror=return-type -Werror=non-virtual-dtor -Werror=address -Werror=sequence-point -Wformat -Werror=format-security -Wmissing-declarations -Wmissing-prototypes -Wstrict-prototypes -Wundef -Winit-self -Wpointer-arith -Wshadow -Wsign-promo -Wuninitialized -Winconsistent-missing-override -Wno-delete-non-virtual-dtor -Wno-unnamed-type-template-args -Wno-comment -Wno-deprecated-enum-enum-conversion -Wno-deprecated-anon-enum-enum-conversion -fdiagnostics-show-option -Qunused-arguments -ffunction-sections -fdata-sections  -fvisibility=hidden -fvisibility-inlines-hidden  -O3 -DNDEBUG  -DNDEBUG   -Wl,--gc-sections  @CMakeFiles/cmTC_92f7d.dir/objects1.rsp -o cmTC_92f7d.js 
clang: warning: future releases of the clang compiler will prefer GCC installations containing libstdc++ include directories; '/usr/lib/gcc/x86_64-linux-gnu/11' would be chosen over '/usr/lib/gcc/x86_64-linux-gnu/12' [-Wgcc-install-dir-libstdcxx]
gmake[1]: Leaving directory '/home/park-ubuntu/park/SOLUTION/Mobile-SLAM/wasm/libs/opencv_build/CMakeFiles/CMakeTmp'



Determining if the memalign exist passed with the following output:
Change Dir: /home/park-ubuntu/park/SOLUTION/Mobile-SLAM/wasm/libs/opencv_build/CMakeFiles/CMakeTmp

Run Build Command(s):/usr/bin/gmake -f Makefile cmTC_567cd/fast && /usr/bin/gmake  -f CMakeFiles/cmTC_567cd.dir/build.make CMakeFiles/cmTC_567cd.dir/build
gmake[1]: Entering directory '/home/park-ubuntu/park/SOLUTION/Mobile-SLAM/wasm/libs/opencv_build/CMakeFiles/CMakeTmp'
Building C object CMakeFiles/cmTC_567cd.dir/CheckSymbolExists.c.o
/home/park-ubuntu/emsdk/upstream/emscripten/emcc   -O3 -msimd128   -fsigned-char -W -Wall    -Wformat -Wmissing-declarations -Wmissing-prototypes -Wstrict-prototypes -Wundef -Winit-self -Wpointer-arith -Wshadow -Wsign-promo -Wuninitialized -Winconsistent-missing-override -Wno-delete-non-virtual-dtor -Wno-unnamed-type-template-args -Wno-comment -Wno-deprecated-enum-enum-conversion -Wno-deprecated-anon-enum-enum-conversion -fdiagnostics-show-option -Qunused-arguments -ffunction-sections -fdata-sections  -fvisibility=hidden -fvisibility-inlines-hidden  -O3 -DNDEBUG  -DNDEBUG -MD -MT CMakeFiles/cmTC_567cd.dir/CheckSymbolExists.c.o -MF CMakeFiles/cmTC_567cd.dir/CheckSymbolExists.c.o.d -o CMakeFiles/cmTC_567cd.dir/CheckSymbolExists.c.o -c /home/park-ubuntu/park/SOLUTION/Mobile-SLAM/wasm/libs/opencv_build/CMakeFiles/CMakeTmp/CheckSymbolExists.c
Linking C executable cmTC_567cd.js
/usr/bin/cmake -E cmake_link_script CMakeFiles/cmTC_567cd.dir/link.txt --verbose=1
/home/park-ubuntu/emsdk/upstream/emscripten/emcc -O3 -msimd128   -fsigned-char -W -Wall    -Wformat -Wmissing-declarations -Wmissing-prototypes -Wstrict-prototypes -Wundef -Winit-self -Wpointer-arith -Wshadow -Wsign-promo -Wuninitialized -Winconsistent-missing-override -Wno-delete-non-virtual-dtor -Wno-unnamed-type-template-args -Wno-comment -Wno-deprecated-enum-enum-conversion -Wno-deprecated-anon-enum-enum-conversion -fdiagnostics-show-option -Qunused-arguments -ffunction-sections -fdata-sections  -fvisibility=hidden -fvisibility-inlines-hidden  -O3 -DNDEBUG  -DNDEBUG   -Wl,--gc-sections  @CMakeFiles/cmTC_567cd.dir/objects1.rsp -o cmTC_567cd.js 
clang: warning: future releases of the clang compiler will prefer GCC installations containing libstdc++ include directories; '/usr/lib/gcc/x86_64-linux-gnu/11' would be chosen over '/usr/lib/gcc/x86_64-linux-gnu/12' [-Wgcc-install-dir-libstdcxx]
gmake[1]: Leaving directory '/home/park-ubuntu/park/SOLUTION/Mobile-SLAM/wasm/libs/opencv_build/CMakeFiles/CMakeTmp'


File /home/park-ubuntu/park/SOLUTION/Mobile-SLAM/wasm/libs/opencv_build/CMakeFiles/CMakeTmp/CheckSymbolExists.c:
/* */
#include <malloc.h>

int main(int argc, char** argv)
{
  (void)argv;
#ifndef memalign
  return ((int*)(&memalign))[argc];
#else
  (void)argc;
  return 0;
#endif
}
Determining if the function fseeko exists passed with the following output:
Change Dir: /home/park-ubuntu/park/SOLUTION/Mobile-SLAM/wasm/libs/opencv_build/CMakeFiles/CMakeTmp

Run Build Command(s):/usr/bin/gmake -f Makefile cmTC_edf93/fast && /usr/bin/gmake  -f CMakeFiles/cmTC_edf93.dir/build.make CMakeFiles/cmTC_edf93.dir/build
gmake[1]: Entering directory '/home/park-ubuntu/park/SOLUTION/Mobile-SLAM/wasm/libs/opencv_build/CMakeFiles/CMakeTmp'
Building C object CMakeFiles/cmTC_edf93.dir/CheckFunctionExists.c.o
/home/park-ubuntu/emsdk/upstream/emscripten/emcc   -O3 -msimd128   -fsigned-char -W -Wall -Werror=return-type -Werror=non-virtual-dtor -Werror=address -Werror=sequence-point -Wformat -Werror=format-security -Wmissing-declarations -Wmissing-prototypes -Wstrict-prototypes -Wundef -Winit-self -Wpointer-arith -Wshadow -Wsign-promo -Wuninitialized -Winconsistent-missing-override -Wno-delete-non-virtual-dtor -Wno-unnamed-type-template-args -Wno-comment -Wno-deprecated-enum-enum-conversion -Wno-deprecated-anon-enum-enum-conversion -fdiagnostics-show-option -Qunused-arguments -ffunction-sections -fdata-sections  -fvisibility=hidden -fvisibility-inlines-hidden -DCHECK_FUNCTION_EXISTS=fseeko -O3 -DNDEBUG  -DNDEBUG -MD -MT CMakeFiles/cmTC_edf93.dir/CheckFunctionExists.c.o -MF CMakeFiles/cmTC_edf93.dir/CheckFunctionExists.c.o.d -o CMakeFiles/cmTC_edf93.dir/CheckFunctionExists.c.o -c /usr/share/cmake-3.22/Modules/CheckFunctionExists.c
Linking C executable cmTC_edf93.js
/usr/bin/cmake -E cmake_link_script CMakeFiles/cmTC_edf93.dir/link.txt --verbose=1
/home/park-ubuntu/emsdk/upstream/emscripten/emcc -O3 -msimd128   -fsigned-char -W -Wall -Werror=return-type -Werror=non-virtual-dtor -Werror=address -Werror=sequence-point -Wformat -Werror=format-security -Wmissing-declarations -Wmissing-prototypes -Wstrict-prototypes -Wundef -Winit-self -Wpointer-arith -Wshadow -Wsign-promo -Wuninitialized -Winconsistent-missing-override -Wno-delete-non-virtual-dtor -Wno-unnamed-type-template-args -Wno-comment -Wno-deprecated-enum-enum-conversion -Wno-deprecated-anon-enum-enum-conversion -fdiagnostics-show-option -Qunused-arguments -ffunction-sections -fdata-sections  -fvisibility=hidden -fvisibility-inlines-hidden -DCHECK_FUNCTION_EXISTS=fseeko -O3 -DNDEBUG  -DNDEBUG   -Wl,--gc-sections  @CMakeFiles/cmTC_edf93.dir/objects1.rsp -o cmTC_edf93.js 
clang: warning: future releases of the clang compiler will prefer GCC installations containing libstdc++ include directories; '/usr/lib/gcc/x86_64-linux-gnu/11' would be chosen over '/usr/lib/gcc/x86_64-linux-gnu/12' [-Wgcc-install-dir-libstdcxx]
wasm-ld: warning: function signature mismatch: fseeko
>>> defined as () -> i32 in CMakeFiles/cmTC_edf93.dir/CheckFunctionExists.c.o
>>> defined as (i32, i64, i32) -> i32 in /home/park-ubuntu/emsdk/upstream/emscripten/cache/sysroot/lib/wasm32-emscripten/libc.a(fseek.o)
gmake[1]: Leaving directory '/home/park-ubuntu/park/SOLUTION/Mobile-SLAM/wasm/libs/opencv_build/CMakeFiles/CMakeTmp'



Determining if the include file unistd.h exists passed with the following output:
Change Dir: /home/park-ubuntu/park/SOLUTION/Mobile-SLAM/wasm/libs/opencv_build/CMakeFiles/CMakeTmp

Run Build Command(s):/usr/bin/gmake -f Makefile cmTC_56ac1/fast && /usr/bin/gmake  -f CMakeFiles/cmTC_56ac1.dir/build.make CMakeFiles/cmTC_56ac1.dir/build
gmake[1]: Entering directory '/home/park-ubuntu/park/SOLUTION/Mobile-SLAM/wasm/libs/opencv_build/CMakeFiles/CMakeTmp'
Building C object CMakeFiles/cmTC_56ac1.dir/CheckIncludeFile.c.o
/home/park-ubuntu/emsdk/upstream/emscripten/emcc   -O3 -msimd128   -fsigned-char -W -Wall -Werror=return-type -Werror=non-virtual-dtor -Werror=address -Werror=sequence-point -Wformat -Werror=format-security -Wmissing-declarations -Wmissing-prototypes -Wstrict-prototypes -Wundef -Winit-self -Wpointer-arith -Wshadow -Wsign-promo -Wuninitialized -Winconsistent-missing-override -Wno-delete-non-virtual-dtor -Wno-unnamed-type-template-args -Wno-comment -Wno-deprecated-enum-enum-conversion -Wno-deprecated-anon-enum-enum-conversion -fdiagnostics-show-option -Qunused-arguments -ffunction-sections -fdata-sections  -fvisibility=hidden -fvisibility-inlines-hidden  -O3 -DNDEBUG  -DNDEBUG -MD -MT CMakeFiles/cmTC_56ac1.dir/CheckIncludeFile.c.o -MF CMakeFiles/cmTC_56ac1.dir/CheckIncludeFile.c.o.d -o CMakeFiles/cmTC_56ac1.dir/CheckIncludeFile.c.o -c /home/park-ubuntu/park/SOLUTION/Mobile-SLAM/wasm/libs/opencv_build/CMakeFiles/CMakeTmp/CheckIncludeFile.c
Linking C executable cmTC_56ac1.js
/usr/bin/cmake -E cmake_link_script CMakeFiles/cmTC_56ac1.dir/link.txt --verbose=1
/home/park-ubuntu/emsdk/upstream/emscripten/emcc -O3 -msimd128   -fsigned-char -W -Wall -Werror=return-type -Werror=non-virtual-dtor -Werror=address -Werror=sequence-point -Wformat -Werror=format-security -Wmissing-declarations -Wmissing-prototypes -Wstrict-prototypes -Wundef -Winit-self -Wpointer-arith -Wshadow -Wsign-promo -Wuninitialized -Winconsistent-missing-override -Wno-delete-non-virtual-dtor -Wno-unnamed-type-template-args -Wno-comment -Wno-deprecated-enum-enum-conversion -Wno-deprecated-anon-enum-enum-conversion -fdiagnostics-show-option -Qunused-arguments -ffunction-sections -fdata-sections  -fvisibility=hidden -fvisibility-inlines-hidden  -O3 -DNDEBUG  -DNDEBUG   -Wl,--gc-sections  @CMakeFiles/cmTC_56ac1.dir/objects1.rsp -o cmTC_56ac1.js 
clang: warning: future releases of the clang compiler will prefer GCC installations containing libstdc++ include directories; '/usr/lib/gcc/x86_64-linux-gnu/11' would be chosen over '/usr/lib/gcc/x86_64-linux-gnu/12' [-Wgcc-install-dir-libstdcxx]
gmake[1]: Leaving directory '/home/park-ubuntu/park/SOLUTION/Mobile-SLAM/wasm/libs/opencv_build/CMakeFiles/CMakeTmp'



Determining if the include file sys/types.h exists passed with the following output:
Change Dir: /home/park-ubuntu/park/SOLUTION/Mobile-SLAM/wasm/libs/opencv_build/CMakeFiles/CMakeTmp

Run Build Command(s):/usr/bin/gmake -f Makefile cmTC_aa6dc/fast && /usr/bin/gmake  -f CMakeFiles/cmTC_aa6dc.dir/build.make CMakeFiles/cmTC_aa6dc.dir/build
gmake[1]: Entering directory '/home/park-ubuntu/park/SOLUTION/Mobile-SLAM/wasm/libs/opencv_build/CMakeFiles/CMakeTmp'
Building C object CMakeFiles/cmTC_aa6dc.dir/CheckIncludeFile.c.o
/home/park-ubuntu/emsdk/upstream/emscripten/emcc   -O3 -msimd128   -fsigned-char -W -Wall -Werror=return-type -Werror=non-virtual-dtor -Werror=address -Werror=sequence-point -Wformat -Werror=format-security -Wmissing-declarations -Wmissing-prototypes -Wstrict-prototypes -Wundef -Winit-self -Wpointer-arith -Wshadow -Wsign-promo -Wuninitialized -Winconsistent-missing-override -Wno-delete-non-virtual-dtor -Wno-unnamed-type-template-args -Wno-comment -Wno-deprecated-enum-enum-conversion -Wno-deprecated-anon-enum-enum-conversion -fdiagnostics-show-option -Qunused-arguments -ffunction-sections -fdata-sections  -fvisibility=hidden -fvisibility-inlines-hidden  -O3 -DNDEBUG  -DNDEBUG -MD -MT CMakeFiles/cmTC_aa6dc.dir/CheckIncludeFile.c.o -MF CMakeFiles/cmTC_aa6dc.dir/CheckIncludeFile.c.o.d -o CMakeFiles/cmTC_aa6dc.dir/CheckIncludeFile.c.o -c /home/park-ubuntu/park/SOLUTION/Mobile-SLAM/wasm/libs/opencv_build/CMakeFiles/CMakeTmp/CheckIncludeFile.c
Linking C executable cmTC_aa6dc.js
/usr/bin/cmake -E cmake_link_script CMakeFiles/cmTC_aa6dc.dir/link.txt --verbose=1
/home/park-ubuntu/emsdk/upstream/emscripten/emcc -O3 -msimd128   -fsigned-char -W -Wall -Werror=return-type -Werror=non-virtual-dtor -Werror=address -Werror=sequence-point -Wformat -Werror=format-security -Wmissing-declarations -Wmissing-prototypes -Wstrict-prototypes -Wundef -Winit-self -Wpointer-arith -Wshadow -Wsign-promo -Wuninitialized -Winconsistent-missing-override -Wno-delete-non-virtual-dtor -Wno-unnamed-type-template-args -Wno-comment -Wno-deprecated-enum-enum-conversion -Wno-deprecated-anon-enum-enum-conversion -fdiagnostics-show-option -Qunused-arguments -ffunction-sections -fdata-sections  -fvisibility=hidden -fvisibility-inlines-hidden  -O3 -DNDEBUG  -DNDEBUG   -Wl,--gc-sections  @CMakeFiles/cmTC_aa6dc.dir/objects1.rsp -o cmTC_aa6dc.js 
clang: warning: future releases of the clang compiler will prefer GCC installations containing libstdc++ include directories; '/usr/lib/gcc/x86_64-linux-gnu/11' would be chosen over '/usr/lib/gcc/x86_64-linux-gnu/12' [-Wgcc-install-dir-libstdcxx]
gmake[1]: Leaving directory '/home/park-ubuntu/park/SOLUTION/Mobile-SLAM/wasm/libs/opencv_build/CMakeFiles/CMakeTmp'



Determining if the include file stdint.h exists passed with the following output:
Change Dir: /home/park-ubuntu/park/SOLUTION/Mobile-SLAM/wasm/libs/opencv_build/CMakeFiles/CMakeTmp

Run Build Command(s):/usr/bin/gmake -f Makefile cmTC_ea83b/fast && /usr/bin/gmake  -f CMakeFiles/cmTC_ea83b.dir/build.make CMakeFiles/cmTC_ea83b.dir/build
gmake[1]: Entering directory '/home/park-ubuntu/park/SOLUTION/Mobile-SLAM/wasm/libs/opencv_build/CMakeFiles/CMakeTmp'
Building C object CMakeFiles/cmTC_ea83b.dir/CheckIncludeFile.c.o
/home/park-ubuntu/emsdk/upstream/emscripten/emcc   -O3 -msimd128   -fsigned-char -W -Wall -Werror=return-type -Werror=non-virtual-dtor -Werror=address -Werror=sequence-point -Wformat -Werror=format-security -Wmissing-declarations -Wmissing-prototypes -Wstrict-prototypes -Wundef -Winit-self -Wpointer-arith -Wshadow -Wsign-promo -Wuninitialized -Winconsistent-missing-override -Wno-delete-non-virtual-dtor -Wno-unnamed-type-template-args -Wno-comment -Wno-deprecated-enum-enum-conversion -Wno-deprecated-anon-enum-enum-conversion -fdiagnostics-show-option -Qunused-arguments -ffunction-sections -fdata-sections  -fvisibility=hidden -fvisibility-inlines-hidden  -O3 -DNDEBUG  -DNDEBUG -MD -MT CMakeFiles/cmTC_ea83b.dir/CheckIncludeFile.c.o -MF CMakeFiles/cmTC_ea83b.dir/CheckIncludeFile.c.o.d -o CMakeFiles/cmTC_ea83b.dir/CheckIncludeFile.c.o -c /home/park-ubuntu/park/SOLUTION/Mobile-SLAM/wasm/libs/opencv_build/CMakeFiles/CMakeTmp/CheckIncludeFile.c
Linking C executable cmTC_ea83b.js
/usr/bin/cmake -E cmake_link_script CMakeFiles/cmTC_ea83b.dir/link.txt --verbose=1
/home/park-ubuntu/emsdk/upstream/emscripten/emcc -O3 -msimd128   -fsigned-char -W -Wall -Werror=return-type -Werror=non-virtual-dtor -Werror=address -Werror=sequence-point -Wformat -Werror=format-security -Wmissing-declarations -Wmissing-prototypes -Wstrict-prototypes -Wundef -Winit-self -Wpointer-arith -Wshadow -Wsign-promo -Wuninitialized -Winconsistent-missing-override -Wno-delete-non-virtual-dtor -Wno-unnamed-type-template-args -Wno-comment -Wno-deprecated-enum-enum-conversion -Wno-deprecated-anon-enum-enum-conversion -fdiagnostics-show-option -Qunused-arguments -ffunction-sections -fdata-sections  -fvisibility=hidden -fvisibility-inlines-hidden  -O3 -DNDEBUG  -DNDEBUG   -Wl,--gc-sections  @CMakeFiles/cmTC_ea83b.dir/objects1.rsp -o cmTC_ea83b.js 
clang: warning: future releases of the clang compiler will prefer GCC installations containing libstdc++ include directories; '/usr/lib/gcc/x86_64-linux-gnu/11' would be chosen over '/usr/lib/gcc/x86_64-linux-gnu/12' [-Wgcc-install-dir-libstdcxx]
gmake[1]: Leaving directory '/home/park-ubuntu/park/SOLUTION/Mobile-SLAM/wasm/libs/opencv_build/CMakeFiles/CMakeTmp'



Determining if the include file stddef.h exists passed with the following output:
Change Dir: /home/park-ubuntu/park/SOLUTION/Mobile-SLAM/wasm/libs/opencv_build/CMakeFiles/CMakeTmp

Run Build Command(s):/usr/bin/gmake -f Makefile cmTC_97a16/fast && /usr/bin/gmake  -f CMakeFiles/cmTC_97a16.dir/build.make CMakeFiles/cmTC_97a16.dir/build
gmake[1]: Entering directory '/home/park-ubuntu/park/SOLUTION/Mobile-SLAM/wasm/libs/opencv_build/CMakeFiles/CMakeTmp'
Building C object CMakeFiles/cmTC_97a16.dir/CheckIncludeFile.c.o
/home/park-ubuntu/emsdk/upstream/emscripten/emcc   -O3 -msimd128   -fsigned-char -W -Wall -Werror=return-type -Werror=non-virtual-dtor -Werror=address -Werror=sequence-point -Wformat -Werror=format-security -Wmissing-declarations -Wmissing-prototypes -Wstrict-prototypes -Wundef -Winit-self -Wpointer-arith -Wshadow -Wsign-promo -Wuninitialized -Winconsistent-missing-override -Wno-delete-non-virtual-dtor -Wno-unnamed-type-template-args -Wno-comment -Wno-deprecated-enum-enum-conversion -Wno-deprecated-anon-enum-enum-conversion -fdiagnostics-show-option -Qunused-arguments -ffunction-sections -fdata-sections  -fvisibility=hidden -fvisibility-inlines-hidden  -O3 -DNDEBUG  -DNDEBUG -MD -MT CMakeFiles/cmTC_97a16.dir/CheckIncludeFile.c.o -MF CMakeFiles/cmTC_97a16.dir/CheckIncludeFile.c.o.d -o CMakeFiles/cmTC_97a16.dir/CheckIncludeFile.c.o -c /home/park-ubuntu/park/SOLUTION/Mobile-SLAM/wasm/libs/opencv_build/CMakeFiles/CMakeTmp/CheckIncludeFile.c
Linking C executable cmTC_97a16.js
/usr/bin/cmake -E cmake_link_script CMakeFiles/cmTC_97a16.dir/link.txt --verbose=1
/home/park-ubuntu/emsdk/upstream/emscripten/emcc -O3 -msimd128   -fsigned-char -W -Wall -Werror=return-type -Werror=non-virtual-dtor -Werror=address -Werror=sequence-point -Wformat -Werror=format-security -Wmissing-declarations -Wmissing-prototypes -Wstrict-prototypes -Wundef -Winit-self -Wpointer-arith -Wshadow -Wsign-promo -Wuninitialized -Winconsistent-missing-override -Wno-delete-non-virtual-dtor -Wno-unnamed-type-template-args -Wno-comment -Wno-deprecated-enum-enum-conversion -Wno-deprecated-anon-enum-enum-conversion -fdiagnostics-show-option -Qunused-arguments -ffunction-sections -fdata-sections  -fvisibility=hidden -fvisibility-inlines-hidden  -O3 -DNDEBUG  -DNDEBUG   -Wl,--gc-sections  @CMakeFiles/cmTC_97a16.dir/objects1.rsp -o cmTC_97a16.js 
clang: warning: future releases of the clang compiler will prefer GCC installations containing libstdc++ include directories; '/usr/lib/gcc/x86_64-linux-gnu/11' would be chosen over '/usr/lib/gcc/x86_64-linux-gnu/12' [-Wgcc-install-dir-libstdcxx]
gmake[1]: Leaving directory '/home/park-ubuntu/park/SOLUTION/Mobile-SLAM/wasm/libs/opencv_build/CMakeFiles/CMakeTmp'



Performing C SOURCE FILE Test CMAKE_HAVE_LIBC_PTHREAD succeeded with the following output:
Change Dir: /home/park-ubuntu/park/SOLUTION/Mobile-SLAM/wasm/libs/opencv_build/CMakeFiles/CMakeTmp

Run Build Command(s):/usr/bin/gmake -f Makefile cmTC_4a603/fast && /usr/bin/gmake  -f CMakeFiles/cmTC_4a603.dir/build.make CMakeFiles/cmTC_4a603.dir/build
gmake[1]: Entering directory '/home/park-ubuntu/park/SOLUTION/Mobile-SLAM/wasm/libs/opencv_build/CMakeFiles/CMakeTmp'
Building C object CMakeFiles/cmTC_4a603.dir/src.c.o
/home/park-ubuntu/emsdk/upstream/emscripten/emcc -DCMAKE_HAVE_LIBC_PTHREAD  -O3 -msimd128   -fsigned-char -W -Wall -Werror=return-type -Werror=non-virtual-dtor -Werror=address -Werror=sequence-point -Wformat -Werror=format-security -Wmissing-declarations -Wmissing-prototypes -Wstrict-prototypes -Wundef -Winit-self -Wpointer-arith -Wshadow -Wsign-promo -Wuninitialized -Winconsistent-missing-override -Wno-delete-non-virtual-dtor -Wno-unnamed-type-template-args -Wno-comment -Wno-deprecated-enum-enum-conversion -Wno-deprecated-anon-enum-enum-conversion -fdiagnostics-show-option -Qunused-arguments -ffunction-sections -fdata-sections  -fvisibility=hidden -fvisibility-inlines-hidden  -O3 -DNDEBUG  -DNDEBUG -MD -MT CMakeFiles/cmTC_4a603.dir/src.c.o -MF CMakeFiles/cmTC_4a603.dir/src.c.o.d -o CMakeFiles/cmTC_4a603.dir/src.c.o -c /home/park-ubuntu/park/SOLUTION/Mobile-SLAM/wasm/libs/opencv_build/CMakeFiles/CMakeTmp/src.c
Linking C executable cmTC_4a603.js
/usr/bin/cmake -E cmake_link_script CMakeFiles/cmTC_4a603.dir/link.txt --verbose=1
/home/park-ubuntu/emsdk/upstream/emscripten/emcc -O3 -msimd128   -fsigned-char -W -Wall -Werror=return-type -Werror=non-virtual-dtor -Werror=address -Werror=sequence-point -Wformat -Werror=format-security -Wmissing-declarations -Wmissing-prototypes -Wstrict-prototypes -Wundef -Winit-self -Wpointer-arith -Wshadow -Wsign-promo -Wuninitialized -Winconsistent-missing-override -Wno-delete-non-virtual-dtor -Wno-unnamed-type-template-args -Wno-comment -Wno-deprecated-enum-enum-conversion -Wno-deprecated-anon-enum-enum-conversion -fdiagnostics-show-option -Qunused-arguments -ffunction-sections -fdata-sections  -fvisibility=hidden -fvisibility-inlines-hidden  -O3 -DNDEBUG  -DNDEBUG   -Wl,--gc-sections  @CMakeFiles/cmTC_4a603.dir/objects1.rsp -o cmTC_4a603.js 
clang: warning: future releases of the clang compiler will prefer GCC installations containing libstdc++ include directories; '/usr/lib/gcc/x86_64-linux-gnu/11' would be chosen over '/usr/lib/gcc/x86_64-linux-gnu/12' [-Wgcc-install-dir-libstdcxx]
gmake[1]: Leaving directory '/home/park-ubuntu/park/SOLUTION/Mobile-SLAM/wasm/libs/opencv_build/CMakeFiles/CMakeTmp'


Source file was:
#include <pthread.h>

static void* test_func(void* data)
{
  return data;
}

int main(void)
{
  pthread_t thread;
  pthread_create(&thread, NULL, test_func, NULL);
  pthread_detach(thread);
  pthread_cancel(thread);
  pthread_join(thread, NULL);
  pthread_atfork(NULL, NULL, NULL);
  pthread_exit(NULL);

  return 0;
}

